#
# A fatal error has been detected by the Java Runtime Environment:
#
#  SIGSEGV (0xb) at pc=0x000000010753355c, pid=9551, tid=16643
#
# JRE version: Java(TM) SE Runtime Environment (7.0_45-b18) (build 1.7.0_45-b18)
# Java VM: Java HotSpot(TM) 64-Bit Server VM (24.45-b08 mixed mode bsd-amd64 compressed oops)
# Problematic frame:
# V  [libjvm.dylib+0x33355c]
#
# Failed to write core dump. Core dumps have been disabled. To enable core dumping, try "ulimit -c unlimited" before starting Java again
#
# If you would like to submit a bug report, please visit:
#   http://bugreport.sun.com/bugreport/crash.jsp
#

---------------  T H R E A D  ---------------

Current thread (0x00007fa37b038000):  JavaThread "JDWP Transport Listener: dt_socket" daemon [_thread_in_vm, id=16643, stack(0x0000000110a33000,0x0000000110b33000)]

siginfo:si_signo=SIGSEGV: si_errno=0, si_code=0 (SEGV0), si_addr=0x0000000000000000

Registers:
RAX=0x0000000000000001, RBX=0x0000000110b32a8b, RCX=0x00000000000fc080, RDX=0x0000000110b32a8b
RSP=0x0000000110b329f0, RBP=0x0000000110b32a40, RSI=0x00007fa37b038000, RDI=0x00007fa37ac04b10
R8 =0x0000000000000000, R9 =0x00007fa37ad00000, R10=0x0000000000000010, R11=0x00007fa37ad00000
R12=0x00007fa37b038000, R13=0x1000000000000000, R14=0x1000000000000000, R15=0x00007fa37ac04b10
RIP=0x000000010753355c, EFLAGS=0x0000000000010206, ERR=0x0000000000000000
  TRAPNO=0x000000000000000d

Top of Stack: (sp=0x0000000110b329f0)
0x0000000110b329f0:   00007fa37b038000 0000000000000000
0x0000000110b32a00:   0000000000000000 0000000000000000
0x0000000110b32a10:   00007fa37b038000 00007fa37b038000
0x0000000110b32a20:   0000000110b32a8b 0000000110b32a90
0x0000000110b32a30:   1000000000000000 0000000000000007
0x0000000110b32a40:   0000000110b32a60 0000000107db31f8
0x0000000110b32a50:   0000000000000001 0000000110b32b08
0x0000000110b32a60:   0000000110b32ad0 0000000107d9802b
0x0000000110b32a70:   0000000110b32aa0 00007fa37ad67200
0x0000000110b32a80:   0000000800000032 0000000200b32b08
0x0000000110b32a90:   0000000000000000 0000000000000000
0x0000000110b32aa0:   0000000000000000 0000000110b32c90
0x0000000110b32ab0:   0000000107dbadc0 00007fa37af40040
0x0000000110b32ac0:   0000000110b32b08 0000000107dc6578
0x0000000110b32ad0:   0000000110b32ae0 0000000107d98124
0x0000000110b32ae0:   0000000110b32d00 0000000107da16b2
0x0000000110b32af0:   000017ca00000013 00000000000f0200
0x0000000110b32b00:   00007fa37af3bb50 00007fa37ad67363
0x0000000110b32b10:   00007fa3000001a5 00007fa37ad67510
0x0000000110b32b20:   00007fa30000012c 0000000110b32b58
0x0000000110b32b30:   00007fa37ad67510 00007f0000000000
0x0000000110b32b40:   000017ca0000000f 00007fff0000f380
0x0000000110b32b50:   0000000110b32b58 a37f000008000000
0x0000000110b32b60:   0a0000009835e67a 6465636e616c6162
0x0000000110b32b70:   4c28270000003124 6f632f616c616373
0x0000000110b32b80:   6e6f697463656c6c 626174756d6d692f
0x0000000110b32b90:   3b7473694c2f656c 0000005a29434349
0x0000000110b32ba0:   7f00001200000000 00000008a1f07aa3
0x0000000110b32bb0:   0000006e69616d04 6176616a4c5b2816
0x0000000110b32bc0:   74532f676e616c2f 0056293b676e6972
0x0000000110b32bd0:   0001000000000000 0018a1f07aa37f00
0x0000000110b32be0:   6163736170060000 494928050000006c 

Instructions: (pc=0x000000010753355c)
0x000000010753353c:   00 00 00 41 f6 87 68 01 00 00 10 75 07 b8 63 00
0x000000010753354c:   00 00 eb 7a 4d 85 f6 75 07 b8 17 00 00 00 eb 6e
0x000000010753355c:   4d 8b 36 48 b8 fe fe fe fe fe fe fe fe 49 39 c6
0x000000010753356c:   74 e7 4d 85 f6 74 e2 48 8d 05 16 f7 4c 00 80 38 

Register to memory mapping:

RAX=0x0000000000000001 is an unknown value
RBX=0x0000000110b32a8b is pointing into the stack for thread: 0x00007fa37b038000
RCX=0x00000000000fc080 is an unknown value
RDX=0x0000000110b32a8b is pointing into the stack for thread: 0x00007fa37b038000
RSP=0x0000000110b329f0 is pointing into the stack for thread: 0x00007fa37b038000
RBP=0x0000000110b32a40 is pointing into the stack for thread: 0x00007fa37b038000
RSI=0x00007fa37b038000 is a thread
RDI=0x00007fa37ac04b10 is an unknown value
R8 =0x0000000000000000 is an unknown value
R9 =0x00007fa37ad00000 is an unknown value
R10=0x0000000000000010 is an unknown value
R11=0x00007fa37ad00000 is an unknown value
R12=0x00007fa37b038000 is a thread
R13=0x1000000000000000 is an unknown value
R14=0x1000000000000000 is an unknown value
R15=0x00007fa37ac04b10 is an unknown value


Stack: [0x0000000110a33000,0x0000000110b33000],  sp=0x0000000110b329f0,  free space=1022k
Native frames: (J=compiled Java code, j=interpreted, Vv=VM code, C=native code)
V  [libjvm.dylib+0x33355c]
C  [libjdwp.dylib+0x201f8]  isMethodSynthetic+0x63
C  [libjdwp.dylib+0x502b]  methods1+0x10b
C  [libjdwp.dylib+0x5124]  methodsWithGeneric+0xe
C  [libjdwp.dylib+0xe6b2]  debugLoop_run+0x1ce
C  [libjdwp.dylib+0x1f132]  attachThread+0x4d
V  [libjvm.dylib+0x37417e]
V  [libjvm.dylib+0x4efb47]
V  [libjvm.dylib+0x4f124f]
V  [libjvm.dylib+0x41b1c6]
C  [libsystem_pthread.dylib+0x364f]  _pthread_body+0x83
C  [libsystem_pthread.dylib+0x35cc]  _pthread_body+0x0
C  [libsystem_pthread.dylib+0x1819]  thread_start+0xd


---------------  P R O C E S S  ---------------

Java Threads: ( => current thread )
  0x00007fa37c014000 JavaThread "Service Thread" daemon [_thread_blocked, id=19203, stack(0x0000000110f42000,0x0000000111042000)]
  0x00007fa37c837000 JavaThread "C2 CompilerThread1" daemon [_thread_blocked, id=18691, stack(0x0000000110e3f000,0x0000000110f3f000)]
  0x00007fa37c829000 JavaThread "C2 CompilerThread0" daemon [_thread_blocked, id=18179, stack(0x0000000110d3c000,0x0000000110e3c000)]
  0x00007fa37b819800 JavaThread "JDWP Command Reader" daemon [_thread_in_native, id=17667, stack(0x0000000110c39000,0x0000000110d39000)]
  0x00007fa37c822800 JavaThread "JDWP Event Helper Thread" daemon [_thread_blocked, id=17155, stack(0x0000000110b36000,0x0000000110c36000)]
=>0x00007fa37b038000 JavaThread "JDWP Transport Listener: dt_socket" daemon [_thread_in_vm, id=16643, stack(0x0000000110a33000,0x0000000110b33000)]
  0x00007fa37b037000 JavaThread "Signal Dispatcher" daemon [_thread_blocked, id=13579, stack(0x000000011092a000,0x0000000110a2a000)]
  0x00007fa37b035000 JavaThread "Finalizer" daemon [_thread_blocked, id=11523, stack(0x000000010efe1000,0x000000010f0e1000)]
  0x00007fa37b032000 JavaThread "Reference Handler" daemon [_thread_blocked, id=11011, stack(0x000000010eede000,0x000000010efde000)]
  0x00007fa37b007800 JavaThread "main" [_thread_blocked, id=5379, stack(0x0000000107c54000,0x0000000107d54000)]

Other Threads:
  0x00007fa37b031800 VMThread [stack: 0x000000010eddb000,0x000000010eedb000] [id=10499]
  0x00007fa37c014800 WatcherThread [stack: 0x0000000111045000,0x0000000111145000] [id=19715]

VM state:not at safepoint (normal execution)

VM Mutex/Monitor currently owned by a thread: None

Heap
 PSYoungGen      total 19456K, used 5259K [0x00000007eaa80000, 0x00000007ec000000, 0x0000000800000000)
  eden space 16896K, 16% used [0x00000007eaa80000,0x00000007ead29d98,0x00000007ebb00000)
  from space 2560K, 98% used [0x00000007ebd80000,0x00000007ebff9110,0x00000007ec000000)
  to   space 2560K, 0% used [0x00000007ebb00000,0x00000007ebb00000,0x00000007ebd80000)
 ParOldGen       total 43520K, used 700K [0x00000007c0000000, 0x00000007c2a80000, 0x00000007eaa80000)
  object space 43520K, 1% used [0x00000007c0000000,0x00000007c00af0a8,0x00000007c2a80000)
 PSPermGen       total 21504K, used 9085K [0x00000007bae00000, 0x00000007bc300000, 0x00000007c0000000)
  object space 21504K, 42% used [0x00000007bae00000,0x00000007bb6df498,0x00000007bc300000)

Card table byte_map: [0x000000010aea1000,0x000000010b0cb000] byte_map_base: 0x00000001070ca000

Polling page: 0x00000001069f6000

Code Cache  [0x0000000107de1000, 0x0000000108051000, 0x000000010ade1000)
 total_blobs=286 nmethods=57 adapters=191 free_code_cache=48549Kb largest_free_block=49686912

Compilation events (10 events):
Event: 1.442 Thread 0x00007fa37c837000 nmethod 53 0x0000000107e6ed10 code [0x0000000107e6eec0, 0x0000000107e6f838]
Event: 1.442 Thread 0x00007fa37c837000   54             java.util.Properties::loadConvert (505 bytes)
Event: 1.466 Thread 0x00007fa37c837000 nmethod 54 0x0000000107e6d990 code [0x0000000107e6db20, 0x0000000107e6e738]
Event: 1.474 Thread 0x00007fa37c829000 nmethod 52 0x0000000107e75910 code [0x0000000107e75cc0, 0x0000000107e77c18]
Event: 1.586 Thread 0x00007fa37c837000   55             java.lang.AbstractStringBuilder::append (29 bytes)
Event: 1.592 Thread 0x00007fa37c837000 nmethod 55 0x0000000107e5f050 code [0x0000000107e5f1a0, 0x0000000107e5f4b8]
Event: 7.690 Thread 0x00007fa37c829000   56   !         java.io.BufferedReader::readLine (304 bytes)
Event: 7.692 Thread 0x00007fa37c837000   57             com.intellij.rt.execution.junit.segments.Packet::encode (155 bytes)
Event: 7.712 Thread 0x00007fa37c837000 nmethod 57 0x0000000107e7a490 code [0x0000000107e7a6a0, 0x0000000107e7bc90]
Event: 7.725 Thread 0x00007fa37c829000 nmethod 56 0x0000000107e7c590 code [0x0000000107e7c760, 0x0000000107e7ddc8]

GC Heap History (4 events):
Event: 1.190 GC heap before
{Heap before GC invocations=1 (full 0):
 PSYoungGen      total 19456K, used 16896K [0x00000007eaa80000, 0x00000007ec000000, 0x0000000800000000)
  eden space 16896K, 100% used [0x00000007eaa80000,0x00000007ebb00000,0x00000007ebb00000)
  from space 2560K, 0% used [0x00000007ebd80000,0x00000007ebd80000,0x00000007ec000000)
  to   space 2560K, 0% used [0x00000007ebb00000,0x00000007ebb00000,0x00000007ebd80000)
 ParOldGen       total 43520K, used 0K [0x00000007c0000000, 0x00000007c2a80000, 0x00000007eaa80000)
  object space 43520K, 0% used [0x00000007c0000000,0x00000007c0000000,0x00000007c2a80000)
 PSPermGen       total 21504K, used 5172K [0x00000007bae00000, 0x00000007bc300000, 0x00000007c0000000)
  object space 21504K, 24% used [0x00000007bae00000,0x00000007bb30d2f8,0x00000007bc300000)
Event: 1.195 GC heap after
Heap after GC invocations=1 (full 0):
 PSYoungGen      total 19456K, used 2530K [0x00000007eaa80000, 0x00000007ec000000, 0x0000000800000000)
  eden space 16896K, 0% used [0x00000007eaa80000,0x00000007eaa80000,0x00000007ebb00000)
  from space 2560K, 98% used [0x00000007ebb00000,0x00000007ebd78b10,0x00000007ebd80000)
  to   space 2560K, 0% used [0x00000007ebd80000,0x00000007ebd80000,0x00000007ec000000)
 ParOldGen       total 43520K, used 55K [0x00000007c0000000, 0x00000007c2a80000, 0x00000007eaa80000)
  object space 43520K, 0% used [0x00000007c0000000,0x00000007c000deb8,0x00000007c2a80000)
 PSPermGen       total 21504K, used 5172K [0x00000007bae00000, 0x00000007bc300000, 0x00000007c0000000)
  object space 21504K, 24% used [0x00000007bae00000,0x00000007bb30d2f8,0x00000007bc300000)
}
Event: 1.631 GC heap before
{Heap before GC invocations=2 (full 0):
 PSYoungGen      total 19456K, used 19426K [0x00000007eaa80000, 0x00000007ec000000, 0x0000000800000000)
  eden space 16896K, 100% used [0x00000007eaa80000,0x00000007ebb00000,0x00000007ebb00000)
  from space 2560K, 98% used [0x00000007ebb00000,0x00000007ebd78b10,0x00000007ebd80000)
  to   space 2560K, 0% used [0x00000007ebd80000,0x00000007ebd80000,0x00000007ec000000)
 ParOldGen       total 43520K, used 55K [0x00000007c0000000, 0x00000007c2a80000, 0x00000007eaa80000)
  object space 43520K, 0% used [0x00000007c0000000,0x00000007c000deb8,0x00000007c2a80000)
 PSPermGen       total 21504K, used 8496K [0x00000007bae00000, 0x00000007bc300000, 0x00000007c0000000)
  object space 21504K, 39% used [0x00000007bae00000,0x00000007bb64c048,0x00000007bc300000)
Event: 1.636 GC heap after
Heap after GC invocations=2 (full 0):
 PSYoungGen      total 19456K, used 2532K [0x00000007eaa80000, 0x00000007ec000000, 0x0000000800000000)
  eden space 16896K, 0% used [0x00000007eaa80000,0x00000007eaa80000,0x00000007ebb00000)
  from space 2560K, 98% used [0x00000007ebd80000,0x00000007ebff9110,0x00000007ec000000)
  to   space 2560K, 0% used [0x00000007ebb00000,0x00000007ebb00000,0x00000007ebd80000)
 ParOldGen       total 43520K, used 700K [0x00000007c0000000, 0x00000007c2a80000, 0x00000007eaa80000)
  object space 43520K, 1% used [0x00000007c0000000,0x00000007c00af0a8,0x00000007c2a80000)
 PSPermGen       total 21504K, used 8496K [0x00000007bae00000, 0x00000007bc300000, 0x00000007c0000000)
  object space 21504K, 39% used [0x00000007bae00000,0x00000007bb64c048,0x00000007bc300000)
}

Deoptimization events (2 events):
Event: 1.249 Thread 0x00007fa37b007800 Uncommon trap: reason=unreached action=reinterpret pc=0x0000000107e547ec method=java.util.zip.ZipCoder.encoder()Ljava/nio/charset/CharsetEncoder; @ 4
Event: 1.419 Thread 0x00007fa37b007800 Uncommon trap: reason=unreached action=reinterpret pc=0x0000000107e53e9c method=java.util.zip.ZipCoder.encoder()Ljava/nio/charset/CharsetEncoder; @ 4

Internal exceptions (10 events):
Event: 7.681 Thread 0x00007fa37b007800 Threw 0x00000007eabfdb20 at /HUDSON/workspace/7u-2-build-macosx-x86_64/jdk7u45/229/hotspot/src/share/vm/prims/jvm.cpp:1244
Event: 7.681 Thread 0x00007fa37b007800 Threw 0x00000007eac06970 at /HUDSON/workspace/7u-2-build-macosx-x86_64/jdk7u45/229/hotspot/src/share/vm/prims/jvm.cpp:1244
Event: 7.682 Thread 0x00007fa37b007800 Threw 0x00000007eac3a4d0 at /HUDSON/workspace/7u-2-build-macosx-x86_64/jdk7u45/229/hotspot/src/share/vm/prims/jvm.cpp:1244
Event: 7.684 Thread 0x00007fa37b007800 Threw 0x00000007eac46b40 at /HUDSON/workspace/7u-2-build-macosx-x86_64/jdk7u45/229/hotspot/src/share/vm/prims/jvm.cpp:1244
Event: 7.685 Thread 0x00007fa37b007800 Threw 0x00000007eac4f328 at /HUDSON/workspace/7u-2-build-macosx-x86_64/jdk7u45/229/hotspot/src/share/vm/prims/jvm.cpp:1244
Event: 7.689 Thread 0x00007fa37b007800 Threw 0x00000007eac78d38 at /HUDSON/workspace/7u-2-build-macosx-x86_64/jdk7u45/229/hotspot/src/share/vm/prims/jvm.cpp:1244
Event: 7.691 Thread 0x00007fa37b007800 Threw 0x00000007eac930f8 at /HUDSON/workspace/7u-2-build-macosx-x86_64/jdk7u45/229/hotspot/src/share/vm/prims/jvm.cpp:1244
Event: 7.692 Thread 0x00007fa37b007800 Threw 0x00000007eac9c500 at /HUDSON/workspace/7u-2-build-macosx-x86_64/jdk7u45/229/hotspot/src/share/vm/prims/jvm.cpp:1244
Event: 25.191 Thread 0x00007fa37b007800 Threw 0x00000007eace4ed8 at /HUDSON/workspace/7u-2-build-macosx-x86_64/jdk7u45/229/hotspot/src/share/vm/prims/jvm.cpp:1244
Event: 25.193 Thread 0x00007fa37b007800 Threw 0x00000007eacee060 at /HUDSON/workspace/7u-2-build-macosx-x86_64/jdk7u45/229/hotspot/src/share/vm/prims/jvm.cpp:1244

Events (10 events):
Event: 47.390 Executing VM operation: GetOrSetLocal
Event: 47.390 Executing VM operation: GetOrSetLocal done
Event: 1807.000 Executing VM operation: RedefineClasses
Event: 1807.039 Executing VM operation: RedefineClasses done
Event: 1867.260 Executing VM operation: RedefineClasses
Event: 1867.262 Executing VM operation: RedefineClasses done
Event: 1947.758 Executing VM operation: RedefineClasses
Event: 1947.778 Executing VM operation: RedefineClasses done
Event: 2010.435 Executing VM operation: RedefineClasses
Event: 2010.438 Executing VM operation: RedefineClasses done


Dynamic libraries:
0x000000000ab27000 	/System/Library/Frameworks/Cocoa.framework/Versions/A/Cocoa
0x000000000ab27000 	/System/Library/Frameworks/Security.framework/Versions/A/Security
0x000000000ab27000 	/System/Library/Frameworks/ApplicationServices.framework/Versions/A/ApplicationServices
0x000000000ab27000 	/usr/lib/libz.1.dylib
0x000000000ab27000 	/usr/lib/libSystem.B.dylib
0x000000000ab27000 	/usr/lib/libobjc.A.dylib
0x000000000ab27000 	/System/Library/Frameworks/CoreFoundation.framework/Versions/A/CoreFoundation
0x000000000ab27000 	/System/Library/Frameworks/Foundation.framework/Versions/C/Foundation
0x000000000ab27000 	/System/Library/Frameworks/AppKit.framework/Versions/C/AppKit
0x000000000ab27000 	/System/Library/Frameworks/CoreData.framework/Versions/A/CoreData
0x000000000ab27000 	/System/Library/PrivateFrameworks/RemoteViewServices.framework/Versions/A/RemoteViewServices
0x000000000ab27000 	/System/Library/PrivateFrameworks/UIFoundation.framework/Versions/A/UIFoundation
0x000000000ab27000 	/System/Library/Frameworks/AudioToolbox.framework/Versions/A/AudioToolbox
0x000000000ab27000 	/System/Library/Frameworks/AudioUnit.framework/Versions/A/AudioUnit
0x000000000ab27000 	/System/Library/PrivateFrameworks/DataDetectorsCore.framework/Versions/A/DataDetectorsCore
0x000000000ab27000 	/System/Library/PrivateFrameworks/DesktopServicesPriv.framework/Versions/A/DesktopServicesPriv
0x000000000ab27000 	/System/Library/Frameworks/Carbon.framework/Versions/A/Frameworks/HIToolbox.framework/Versions/A/HIToolbox
0x000000000ab27000 	/System/Library/Frameworks/QuartzCore.framework/Versions/A/QuartzCore
0x000000000ab27000 	/System/Library/Frameworks/Carbon.framework/Versions/A/Frameworks/SpeechRecognition.framework/Versions/A/SpeechRecognition
0x000000000ab27000 	/usr/lib/libauto.dylib
0x000000000ab27000 	/usr/lib/libicucore.A.dylib
0x000000000ab27000 	/usr/lib/libxml2.2.dylib
0x000000000ab27000 	/System/Library/PrivateFrameworks/CoreUI.framework/Versions/A/CoreUI
0x000000000ab27000 	/System/Library/Frameworks/CoreAudio.framework/Versions/A/CoreAudio
0x000000000ab27000 	/System/Library/Frameworks/DiskArbitration.framework/Versions/A/DiskArbitration
0x000000000ab27000 	/usr/lib/liblangid.dylib
0x000000000ab27000 	/System/Library/PrivateFrameworks/MultitouchSupport.framework/Versions/A/MultitouchSupport
0x000000000ab27000 	/System/Library/Frameworks/IOKit.framework/Versions/A/IOKit
0x000000000ab27000 	/usr/lib/libDiagnosticMessagesClient.dylib
0x000000000ab27000 	/System/Library/Frameworks/CoreServices.framework/Versions/A/CoreServices
0x000000000ab27000 	/System/Library/PrivateFrameworks/PerformanceAnalysis.framework/Versions/A/PerformanceAnalysis
0x000000000ab27000 	/System/Library/PrivateFrameworks/GenerationalStorage.framework/Versions/A/GenerationalStorage
0x000000000ab27000 	/System/Library/Frameworks/OpenGL.framework/Versions/A/OpenGL
0x000000000ab27000 	/System/Library/PrivateFrameworks/Sharing.framework/Versions/A/Sharing
0x000000000ab27000 	/System/Library/Frameworks/CoreGraphics.framework/Versions/A/CoreGraphics
0x000000000ab27000 	/System/Library/Frameworks/CoreText.framework/Versions/A/CoreText
0x000000000ab27000 	/System/Library/Frameworks/ImageIO.framework/Versions/A/ImageIO
0x000000000ab27000 	/usr/lib/libextension.dylib
0x000000000ab27000 	/System/Library/PrivateFrameworks/Backup.framework/Versions/A/Backup
0x000000000ab27000 	/usr/lib/libarchive.2.dylib
0x000000000ab27000 	/System/Library/Frameworks/CFNetwork.framework/Versions/A/CFNetwork
0x000000000ab27000 	/System/Library/Frameworks/SystemConfiguration.framework/Versions/A/SystemConfiguration
0x000000000ab27000 	/usr/lib/libCRFSuite.dylib
0x000000000ab27000 	/usr/lib/libc++.1.dylib
0x000000000ab27000 	/usr/lib/libc++abi.dylib
0x000000000ab27000 	/usr/lib/system/libcache.dylib
0x000000000ab27000 	/usr/lib/system/libcommonCrypto.dylib
0x000000000ab27000 	/usr/lib/system/libcompiler_rt.dylib
0x000000000ab27000 	/usr/lib/system/libcopyfile.dylib
0x000000000ab27000 	/usr/lib/system/libcorecrypto.dylib
0x000000000ab27000 	/usr/lib/system/libdispatch.dylib
0x000000000ab27000 	/usr/lib/system/libdyld.dylib
0x000000000ab27000 	/usr/lib/system/libkeymgr.dylib
0x000000000ab27000 	/usr/lib/system/liblaunch.dylib
0x000000000ab27000 	/usr/lib/system/libmacho.dylib
0x000000000ab27000 	/usr/lib/system/libquarantine.dylib
0x000000000ab27000 	/usr/lib/system/libremovefile.dylib
0x000000000ab27000 	/usr/lib/system/libsystem_asl.dylib
0x000000000ab27000 	/usr/lib/system/libsystem_blocks.dylib
0x000000000ab27000 	/usr/lib/system/libsystem_c.dylib
0x000000000ab27000 	/usr/lib/system/libsystem_configuration.dylib
0x000000000ab27000 	/usr/lib/system/libsystem_coreservices.dylib
0x000000000ab27000 	/usr/lib/system/libsystem_coretls.dylib
0x000000000ab27000 	/usr/lib/system/libsystem_dnssd.dylib
0x000000000ab27000 	/usr/lib/system/libsystem_info.dylib
0x000000000ab27000 	/usr/lib/system/libsystem_kernel.dylib
0x000000000ab27000 	/usr/lib/system/libsystem_m.dylib
0x000000000ab27000 	/usr/lib/system/libsystem_malloc.dylib
0x000000000ab27000 	/usr/lib/system/libsystem_network.dylib
0x000000000ab27000 	/usr/lib/system/libsystem_networkextension.dylib
0x000000000ab27000 	/usr/lib/system/libsystem_notify.dylib
0x000000000ab27000 	/usr/lib/system/libsystem_platform.dylib
0x000000000ab27000 	/usr/lib/system/libsystem_pthread.dylib
0x000000000ab27000 	/usr/lib/system/libsystem_sandbox.dylib
0x000000000ab27000 	/usr/lib/system/libsystem_secinit.dylib
0x000000000ab27000 	/usr/lib/system/libsystem_stats.dylib
0x000000000ab27000 	/usr/lib/system/libsystem_trace.dylib
0x000000000ab27000 	/usr/lib/system/libunc.dylib
0x000000000ab27000 	/usr/lib/system/libunwind.dylib
0x000000000ab27000 	/usr/lib/system/libxpc.dylib
0x000000000ab27000 	/usr/lib/libbz2.1.0.dylib
0x000000000ab27000 	/usr/lib/liblzma.5.dylib
0x000000000ab27000 	/usr/lib/libbsm.0.dylib
0x000000000ab27000 	/usr/lib/libsqlite3.dylib
0x000000000ab27000 	/usr/lib/system/libkxld.dylib
0x000000000ab27000 	/usr/lib/libxar.1.dylib
0x000000000ab27000 	/usr/lib/libpam.2.dylib
0x000000000ab27000 	/usr/lib/libOpenScriptingUtil.dylib
0x000000000ab27000 	/System/Library/Frameworks/CoreServices.framework/Versions/A/Frameworks/FSEvents.framework/Versions/A/FSEvents
0x000000000ab27000 	/System/Library/Frameworks/CoreServices.framework/Versions/A/Frameworks/CarbonCore.framework/Versions/A/CarbonCore
0x000000000ab27000 	/System/Library/Frameworks/CoreServices.framework/Versions/A/Frameworks/Metadata.framework/Versions/A/Metadata
0x000000000ab27000 	/System/Library/Frameworks/CoreServices.framework/Versions/A/Frameworks/OSServices.framework/Versions/A/OSServices
0x000000000ab27000 	/System/Library/Frameworks/CoreServices.framework/Versions/A/Frameworks/SearchKit.framework/Versions/A/SearchKit
0x000000000ab27000 	/System/Library/Frameworks/CoreServices.framework/Versions/A/Frameworks/AE.framework/Versions/A/AE
0x000000000ab27000 	/System/Library/Frameworks/CoreServices.framework/Versions/A/Frameworks/LaunchServices.framework/Versions/A/LaunchServices
0x000000000ab27000 	/System/Library/Frameworks/CoreServices.framework/Versions/A/Frameworks/DictionaryServices.framework/Versions/A/DictionaryServices
0x000000000ab27000 	/System/Library/Frameworks/NetFS.framework/Versions/A/NetFS
0x000000000ab27000 	/System/Library/PrivateFrameworks/NetAuth.framework/Versions/A/NetAuth
0x000000000ab27000 	/System/Library/PrivateFrameworks/login.framework/Versions/A/Frameworks/loginsupport.framework/Versions/A/loginsupport
0x000000000ab27000 	/System/Library/PrivateFrameworks/TCC.framework/Versions/A/TCC
0x000000000ab27000 	/System/Library/Frameworks/OpenDirectory.framework/Versions/A/Frameworks/CFOpenDirectory.framework/Versions/A/CFOpenDirectory
0x000000000ab27000 	/System/Library/Frameworks/ServiceManagement.framework/Versions/A/ServiceManagement
0x000000000ab27000 	/usr/lib/libxslt.1.dylib
0x000000000ab27000 	/System/Library/Frameworks/Carbon.framework/Versions/A/Frameworks/Ink.framework/Versions/A/Ink
0x000000000ab27000 	/System/Library/Frameworks/ApplicationServices.framework/Versions/A/Frameworks/ATS.framework/Versions/A/ATS
0x000000000ab27000 	/System/Library/Frameworks/ApplicationServices.framework/Versions/A/Frameworks/ColorSync.framework/Versions/A/ColorSync
0x000000000ab27000 	/System/Library/Frameworks/ApplicationServices.framework/Versions/A/Frameworks/HIServices.framework/Versions/A/HIServices
0x000000000ab27000 	/System/Library/Frameworks/ApplicationServices.framework/Versions/A/Frameworks/LangAnalysis.framework/Versions/A/LangAnalysis
0x000000000ab27000 	/System/Library/Frameworks/ApplicationServices.framework/Versions/A/Frameworks/PrintCore.framework/Versions/A/PrintCore
0x000000000ab27000 	/System/Library/Frameworks/ApplicationServices.framework/Versions/A/Frameworks/QD.framework/Versions/A/QD
0x000000000ab27000 	/System/Library/Frameworks/ApplicationServices.framework/Versions/A/Frameworks/SpeechSynthesis.framework/Versions/A/SpeechSynthesis
0x000000000ab27000 	/System/Library/Frameworks/IOSurface.framework/Versions/A/IOSurface
0x000000000ab27000 	/System/Library/Frameworks/Accelerate.framework/Versions/A/Accelerate
0x000000000ab27000 	/System/Library/Frameworks/Accelerate.framework/Versions/A/Frameworks/vImage.framework/Versions/A/vImage
0x000000000ab27000 	/System/Library/Frameworks/Accelerate.framework/Versions/A/Frameworks/vecLib.framework/Versions/A/vecLib
0x000000000ab27000 	/System/Library/Frameworks/Accelerate.framework/Versions/A/Frameworks/vecLib.framework/Versions/A/libvDSP.dylib
0x000000000ab27000 	/System/Library/Frameworks/Accelerate.framework/Versions/A/Frameworks/vecLib.framework/Versions/A/libvMisc.dylib
0x000000000ab27000 	/System/Library/Frameworks/Accelerate.framework/Versions/A/Frameworks/vecLib.framework/Versions/A/libLAPACK.dylib
0x000000000ab27000 	/System/Library/Frameworks/Accelerate.framework/Versions/A/Frameworks/vecLib.framework/Versions/A/libBLAS.dylib
0x000000000ab27000 	/System/Library/Frameworks/Accelerate.framework/Versions/A/Frameworks/vecLib.framework/Versions/A/libLinearAlgebra.dylib
0x000000000ab27000 	/System/Library/Frameworks/ApplicationServices.framework/Versions/A/Frameworks/ATS.framework/Versions/A/Resources/libFontParser.dylib
0x000000000ab27000 	/System/Library/Frameworks/ApplicationServices.framework/Versions/A/Frameworks/ATS.framework/Versions/A/Resources/libFontRegistry.dylib
0x000000000ab27000 	/System/Library/PrivateFrameworks/AppleVPA.framework/Versions/A/AppleVPA
0x000000000ab27000 	/System/Library/PrivateFrameworks/AppleJPEG.framework/Versions/A/AppleJPEG
0x000000000ab27000 	/System/Library/Frameworks/ImageIO.framework/Versions/A/Resources/libJPEG.dylib
0x000000000ab27000 	/System/Library/Frameworks/ImageIO.framework/Versions/A/Resources/libTIFF.dylib
0x000000000ab27000 	/System/Library/Frameworks/ImageIO.framework/Versions/A/Resources/libPng.dylib
0x000000000ab27000 	/System/Library/Frameworks/ImageIO.framework/Versions/A/Resources/libGIF.dylib
0x000000000ab27000 	/System/Library/Frameworks/ImageIO.framework/Versions/A/Resources/libJP2.dylib
0x000000000ab27000 	/System/Library/Frameworks/ImageIO.framework/Versions/A/Resources/libRadiance.dylib
0x000000000ab27000 	/System/Library/Frameworks/CoreVideo.framework/Versions/A/CoreVideo
0x000000000ab27000 	/System/Library/Frameworks/OpenGL.framework/Versions/A/Libraries/libGLU.dylib
0x000000000ab27000 	/System/Library/Frameworks/OpenGL.framework/Versions/A/Libraries/libGFXShared.dylib
0x000000000ab27000 	/System/Library/Frameworks/OpenGL.framework/Versions/A/Libraries/libGL.dylib
0x000000000ab27000 	/System/Library/Frameworks/OpenGL.framework/Versions/A/Libraries/libGLImage.dylib
0x000000000ab27000 	/System/Library/Frameworks/OpenGL.framework/Versions/A/Libraries/libCVMSPluginSupport.dylib
0x000000000ab27000 	/System/Library/Frameworks/OpenGL.framework/Versions/A/Libraries/libCoreVMClient.dylib
0x000000000ab27000 	/usr/lib/libcups.2.dylib
0x000000000ab27000 	/System/Library/Frameworks/Kerberos.framework/Versions/A/Kerberos
0x000000000ab27000 	/System/Library/Frameworks/GSS.framework/Versions/A/GSS
0x000000000ab27000 	/usr/lib/libresolv.9.dylib
0x000000000ab27000 	/usr/lib/libiconv.2.dylib
0x000000000ab27000 	/System/Library/PrivateFrameworks/Heimdal.framework/Versions/A/Heimdal
0x000000000ab27000 	/usr/lib/libheimdal-asn1.dylib
0x000000000ab27000 	/System/Library/Frameworks/OpenDirectory.framework/Versions/A/OpenDirectory
0x000000000ab27000 	/System/Library/PrivateFrameworks/CommonAuth.framework/Versions/A/CommonAuth
0x000000000ab27000 	/System/Library/Frameworks/SecurityFoundation.framework/Versions/A/SecurityFoundation
0x000000000ab27000 	/System/Library/Frameworks/QuartzCore.framework/Versions/A/Frameworks/CoreImage.framework/Versions/A/CoreImage
0x000000000ab27000 	/System/Library/PrivateFrameworks/CrashReporterSupport.framework/Versions/A/CrashReporterSupport
0x000000000ab27000 	/System/Library/Frameworks/OpenCL.framework/Versions/A/OpenCL
0x000000000ab27000 	/System/Library/PrivateFrameworks/FaceCore.framework/Versions/A/FaceCore
0x000000000ab27000 	/System/Library/PrivateFrameworks/Ubiquity.framework/Versions/A/Ubiquity
0x000000000ab27000 	/System/Library/PrivateFrameworks/IconServices.framework/Versions/A/IconServices
0x000000000ab27000 	/System/Library/PrivateFrameworks/ChunkingLibrary.framework/Versions/A/ChunkingLibrary
0x000000000ab27000 	/System/Library/PrivateFrameworks/Apple80211.framework/Versions/A/Apple80211
0x000000000ab27000 	/System/Library/Frameworks/CoreWLAN.framework/Versions/A/CoreWLAN
0x000000000ab27000 	/System/Library/Frameworks/IOBluetooth.framework/Versions/A/IOBluetooth
0x000000000ab27000 	/System/Library/Frameworks/CoreWiFi.framework/Versions/A/CoreWiFi
0x000000000ab27000 	/System/Library/Frameworks/CoreBluetooth.framework/Versions/A/CoreBluetooth
0x000000000ab27000 	/System/Library/PrivateFrameworks/DebugSymbols.framework/Versions/A/DebugSymbols
0x000000000ab27000 	/System/Library/PrivateFrameworks/CoreSymbolication.framework/Versions/A/CoreSymbolication
0x000000000ab27000 	/System/Library/PrivateFrameworks/Symbolication.framework/Versions/A/Symbolication
0x000000000ab27000 	/System/Library/PrivateFrameworks/SpeechRecognitionCore.framework/Versions/A/SpeechRecognitionCore
0x0000000107200000 	/Library/Java/JavaVirtualMachines/jdk1.7.0_45.jdk/Contents/Home/jre/lib/server/libjvm.dylib
0x000000000ab27000 	/usr/lib/libstdc++.6.dylib
0x0000000107d56000 	/Library/Java/JavaVirtualMachines/jdk1.7.0_45.jdk/Contents/Home/jre/lib/libverify.dylib
0x0000000107d63000 	/Library/Java/JavaVirtualMachines/jdk1.7.0_45.jdk/Contents/Home/jre/lib/libjava.dylib
0x0000000107d93000 	/Library/Java/JavaVirtualMachines/jdk1.7.0_45.jdk/Contents/Home/jre/lib/libjdwp.dylib
0x00000001069f7000 	/Library/Java/JavaVirtualMachines/jdk1.7.0_45.jdk/Contents/Home/jre/lib/libnpt.dylib
0x0000000107dd8000 	/Library/Java/JavaVirtualMachines/jdk1.7.0_45.jdk/Contents/Home/jre/lib/libzip.dylib
0x000000010f0e3000 	/System/Library/Frameworks/JavaVM.framework/Frameworks/JavaRuntimeSupport.framework/JavaRuntimeSupport
0x000000010f0fb000 	/System/Library/Frameworks/JavaVM.framework/Versions/A/Frameworks/JavaNativeFoundation.framework/Versions/A/JavaNativeFoundation
0x000000010f110000 	/System/Library/Frameworks/JavaVM.framework/Versions/A/JavaVM
0x000000000ab27000 	/System/Library/Frameworks/Carbon.framework/Versions/A/Carbon
0x000000010f11d000 	/System/Library/PrivateFrameworks/JavaLaunching.framework/Versions/A/JavaLaunching
0x000000000ab27000 	/System/Library/Frameworks/Carbon.framework/Versions/A/Frameworks/CommonPanels.framework/Versions/A/CommonPanels
0x000000000ab27000 	/System/Library/Frameworks/Carbon.framework/Versions/A/Frameworks/Help.framework/Versions/A/Help
0x000000000ab27000 	/System/Library/Frameworks/Carbon.framework/Versions/A/Frameworks/ImageCapture.framework/Versions/A/ImageCapture
0x000000000ab27000 	/System/Library/Frameworks/Carbon.framework/Versions/A/Frameworks/OpenScripting.framework/Versions/A/OpenScripting
0x000000000ab27000 	/System/Library/Frameworks/Carbon.framework/Versions/A/Frameworks/Print.framework/Versions/A/Print
0x000000000ab27000 	/System/Library/Frameworks/Carbon.framework/Versions/A/Frameworks/SecurityHI.framework/Versions/A/SecurityHI
0x0000000110a2c000 	/Library/Java/JavaVirtualMachines/jdk1.7.0_45.jdk/Contents/Home/jre/lib/libdt_socket.dylib

VM Arguments:
jvm_args: -agentlib:jdwp=transport=dt_socket,address=127.0.0.1:53188,suspend=y,server=n -ea -Dfile.encoding=UTF-8 
java_command: com.intellij.rt.execution.junit.JUnitStarter -ideVersion5 recfun.BalanceSuite
Launcher Type: SUN_STANDARD

Environment Variables:
JAVA_HOME=//Library/Java/JavaVirtualMachines/jdk1.8.0.jdk/Contents/Home
PATH=/usr/local/bin:/usr/local/bin:/Users/zan/.rvm/gems/ruby-2.1.2/bin:/Users/zan/.rvm/gems/ruby-2.1.2@global/bin:/Users/zan/.rvm/rubies/ruby-2.1.2/bin:/usr/local/bin:/usr/bin:/bin:/usr/sbin:/sbin:/usr/local/go/bin:/usr/local/bin:/Users/zan/bin:/Users/zan/dev/sdks/android_sdk/platform-tools:/Users/zan/dev/sdks/android_sdk/tools:/Users/zan/dev/sdks/scala/bin:/Users/zan/.rvm/bin
SHELL=/bin/bash

Signal Handlers:
SIGSEGV: [libjvm.dylib+0x525415], sa_mask[0]=0xfffefeff, sa_flags=0x00000043
SIGBUS: [libjvm.dylib+0x525415], sa_mask[0]=0xfffefeff, sa_flags=0x00000042
SIGFPE: [libjvm.dylib+0x41891a], sa_mask[0]=0xfffefeff, sa_flags=0x00000042
SIGPIPE: [libjvm.dylib+0x41891a], sa_mask[0]=0xfffefeff, sa_flags=0x00000042
SIGXFSZ: [libjvm.dylib+0x41891a], sa_mask[0]=0xfffefeff, sa_flags=0x00000042
SIGILL: [libjvm.dylib+0x41891a], sa_mask[0]=0xfffefeff, sa_flags=0x00000042
SIGUSR1: SIG_DFL, sa_mask[0]=0x00000000, sa_flags=0x00000000
SIGUSR2: [libjvm.dylib+0x41840c], sa_mask[0]=0x00000004, sa_flags=0x00000042
SIGHUP: [libjvm.dylib+0x41669b], sa_mask[0]=0xfffefeff, sa_flags=0x00000042
SIGINT: [libjvm.dylib+0x41669b], sa_mask[0]=0xfffefeff, sa_flags=0x00000042
SIGTERM: [libjvm.dylib+0x41669b], sa_mask[0]=0xfffefeff, sa_flags=0x00000042
SIGQUIT: [libjvm.dylib+0x41669b], sa_mask[0]=0xfffefeff, sa_flags=0x00000042


---------------  S Y S T E M  ---------------

OS:Bsduname:Darwin 14.0.0 Darwin Kernel Version 14.0.0: Wed Jul 16 00:46:31 PDT 2014; root:xnu-2782.1.43.0.2~2/RELEASE_X86_64 x86_64
rlimit: STACK 8192k, CORE 0k, NPROC 709, NOFILE 10240, AS infinity
load average:3.60 3.21 3.05

CPU:total 4 (2 cores per cpu, 2 threads per core) family 6 model 42 stepping 7, cmov, cx8, fxsr, mmx, sse, sse2, sse3, ssse3, sse4.1, sse4.2, popcnt, avx, aes, ht, tsc, tscinvbit

Memory: 4k page, physical 4194304k(1048576k free)

/proc/meminfo:


vm_info: Java HotSpot(TM) 64-Bit Server VM (24.45-b08) for bsd-amd64 JRE (1.7.0_45-b18), built on Oct  8 2013 05:54:16 by "java_re" with gcc 4.2.1 (Based on Apple Inc. build 5658) (LLVM build 2336.11.00)

time: Tue Aug 19 08:13:24 2014
elapsed time: 2029 seconds

